<?xml version="1.0" encoding="UTF-8"?>
<!-- Generated by org.testng.reporters.JUnitReportReporter -->
<testsuite hostname="LAPTOP-J56PF5JI" failures="0" tests="1" name="com.SauceDemo.TestClasses.TC01_VerifyLoginFunctionality" time="3.442" errors="0" timestamp="2022-10-09T16:43:45 IST" skipped="0">
  <testcase classname="com.SauceDemo.TestClasses.TC01_VerifyLoginFunctionality" name="verifyLoginFunctionality" time="3.442"/>
  <system-out/>
</testsuite> <!-- com.SauceDemo.TestClasses.TC01_VerifyLoginFunctionality -->
