<?xml version="1.0" encoding="UTF-8"?>
<!-- Generated by org.testng.reporters.JUnitReportReporter -->
<testsuite hostname="LAPTOP-J56PF5JI" failures="0" tests="1" name="com.SauceDemo.TestClasses.TC03_BagProductAddToCartFunctionality" time="2.680" errors="0" timestamp="2022-10-09T16:43:45 IST" skipped="0">
  <testcase classname="com.SauceDemo.TestClasses.TC03_BagProductAddToCartFunctionality" name="verifyBagProductFunctionality" time="2.680"/>
  <system-out/>
</testsuite> <!-- com.SauceDemo.TestClasses.TC03_BagProductAddToCartFunctionality -->
