<?xml version="1.0" encoding="UTF-8"?>
<!-- Generated by org.testng.reporters.JUnitReportReporter -->
<testsuite hostname="LAPTOP-J56PF5JI" failures="0" tests="1" name="com.SauceDemo.TestClasses.TC04_VerifyAllProductFunctionality" time="2.820" errors="0" timestamp="2022-10-09T16:43:45 IST" skipped="0">
  <testcase classname="com.SauceDemo.TestClasses.TC04_VerifyAllProductFunctionality" name="verifyAllProductFunctionality" time="2.820"/>
  <system-out/>
</testsuite> <!-- com.SauceDemo.TestClasses.TC04_VerifyAllProductFunctionality -->
